[2016-12-03 09:44:30] local.ERROR: exception 'ErrorException' with message 'Trying to get property of non-object' in C:\xampp\htdocs\store.moseplus.com\storage\framework\views\fcd183f1c77879b474ccfb5ca9b9f35039dd01eb.php:20
Stack trace:
#0 C:\xampp\htdocs\store.moseplus.com\storage\framework\views\fcd183f1c77879b474ccfb5ca9b9f35039dd01eb.php(20): Illuminate\Foundation\Bootstrap\HandleExceptions->handleError(8, 'Trying to get p...', 'C:\\xampp\\htdocs...', 20, Array)
#1 C:\xampp\htdocs\store.moseplus.com\vendor\laravel\framework\src\Illuminate\View\Engines\PhpEngine.php(42): include('C:\\xampp\\htdocs...')
#2 C:\xampp\htdocs\store.moseplus.com\vendor\laravel\framework\src\Illuminate\View\Engines\CompilerEngine.php(59): Illuminate\View\Engines\PhpEngine->evaluatePath('C:\\xampp\\htdocs...', Array)
#3 C:\xampp\htdocs\store.moseplus.com\vendor\laravel\framework\src\Illuminate\View\View.php(149): Illuminate\View\Engines\CompilerEngine->get('C:\\xampp\\htdocs...', Array)
#4 C:\xampp\htdocs\store.moseplus.com\vendor\laravel\framework\src\Illuminate\View\View.php(120): Illuminate\View\View->getContents()
#5 C:\xampp\htdocs\store.moseplus.com\vendor\laravel\framework\src\Illuminate\View\View.php(85): Illuminate\View\View->renderContents()
#6 C:\xampp\htdocs\store.moseplus.com\storage\framework\views\bdf27edd0482cf38ebdff9da611116135b7da9bc.php(8): Illuminate\View\View->render()
#7 C:\xampp\htdocs\store.moseplus.com\vendor\laravel\framework\src\Illuminate\View\Engines\PhpEngine.php(42): include('C:\\xampp\\htdocs...')
#8 C:\xampp\htdocs\store.moseplus.com\vendor\laravel\framework\src\Illuminate\View\Engines\CompilerEngine.php(59): Illuminate\View\Engines\PhpEngine->evaluatePath('C:\\xampp\\htdocs...', Array)
#9 C:\xampp\htdocs\store.moseplus.com\vendor\laravel\framework\src\Illuminate\View\View.php(149): Illuminate\View\Engines\CompilerEngine->get('C:\\xampp\\htdocs...', Array)
#10 C:\xampp\htdocs\store.moseplus.com\vendor\laravel\framework\src\Illuminate\View\View.php(120): Illuminate\View\View->getContents()
#11 C:\xampp\htdocs\store.moseplus.com\vendor\laravel\framework\src\Illuminate\View\View.php(85): Illuminate\View\View->renderContents()
#12 C:\xampp\htdocs\store.moseplus.com\storage\framework\views\923d8f6556b307a938d807e1c62b6e7af8c2e8a6.php(112): Illuminate\View\View->render()
#13 C:\xampp\htdocs\store.moseplus.com\vendor\laravel\framework\src\Illuminate\View\Engines\PhpEngine.php(42): include('C:\\xampp\\htdocs...')
#14 C:\xampp\htdocs\store.moseplus.com\vendor\laravel\framework\src\Illuminate\View\Engines\CompilerEngine.php(59): Illuminate\View\Engines\PhpEngine->evaluatePath('C:\\xampp\\htdocs...', Array)
#15 C:\xampp\htdocs\store.moseplus.com\vendor\laravel\framework\src\Illuminate\View\View.php(149): Illuminate\View\Engines\CompilerEngine->get('C:\\xampp\\htdocs...', Array)
#16 C:\xampp\htdocs\store.moseplus.com\vendor\laravel\framework\src\Illuminate\View\View.php(120): Illuminate\View\View->getContents()
#17 C:\xampp\htdocs\store.moseplus.com\vendor\laravel\framework\src\Illuminate\View\View.php(85): Illuminate\View\View->renderContents()
#18 C:\xampp\htdocs\store.moseplus.com\vendor\laravel\framework\src\Illuminate\Http\Response.php(45): Illuminate\View\View->render()
#19 C:\xampp\htdocs\store.moseplus.com\vendor\symfony\http-foundation\Response.php(201): Illuminate\Http\Response->setContent(Object(Illuminate\View\View))
#20 C:\xampp\htdocs\store.moseplus.com\vendor\laravel\framework\src\Illuminate\Routing\Router.php(1017): Symfony\Component\HttpFoundation\Response->__construct(Object(Illuminate\View\View))
#21 C:\xampp\htdocs\store.moseplus.com\vendor\laravel\framework\src\Illuminate\Routing\Router.php(643): Illuminate\Routing\Router->prepareResponse(Object(Illuminate\Http\Request), Object(Illuminate\View\View))
#22 C:\xampp\htdocs\store.moseplus.com\vendor\laravel\framework\src\Illuminate\Routing\Pipeline.php(53): Illuminate\Routing\Router->Illuminate\Routing\{closure}(Object(Illuminate\Http\Request))
#23 C:\xampp\htdocs\store.moseplus.com\vendor\laravel\framework\src\Illuminate\Routing\Middleware\SubstituteBindings.php(41): Illuminate\Routing\Pipeline->Illuminate\Routing\{closure}(Object(Illuminate\Http\Request))
#24 C:\xampp\htdocs\store.moseplus.com\vendor\laravel\framework\src\Illuminate\Pipeline\Pipeline.php(137): Illuminate\Routing\Middleware\SubstituteBindings->handle(Object(Illuminate\Http\Request), Object(Closure))
#25 C:\xampp\htdocs\store.moseplus.com\vendor\laravel\framework\src\Illuminate\Routing\Pipeline.php(33): Illuminate\Pipeline\Pipeline->Illuminate\Pipeline\{closure}(Object(Illuminate\Http\Request))
#26 C:\xampp\htdocs\store.moseplus.com\vendor\laravel\framework\src\Illuminate\Foundation\Http\Middleware\VerifyCsrfToken.php(65): Illuminate\Routing\Pipeline->Illuminate\Routing\{closure}(Object(Illuminate\Http\Request))
#27 C:\xampp\htdocs\store.moseplus.com\vendor\laravel\framework\src\Illuminate\Pipeline\Pipeline.php(137): Illuminate\Foundation\Http\Middleware\VerifyCsrfToken->handle(Object(Illuminate\Http\Request), Object(Closure))
#28 C:\xampp\htdocs\store.moseplus.com\vendor\laravel\framework\src\Illuminate\Routing\Pipeline.php(33): Illuminate\Pipeline\Pipeline->Illuminate\Pipeline\{closure}(Object(Illuminate\Http\Request))
#29 C:\xampp\htdocs\store.moseplus.com\vendor\laravel\framework\src\Illuminate\View\Middleware\ShareErrorsFromSession.php(49): Illuminate\Routing\Pipeline->Illuminate\Routing\{closure}(Object(Illuminate\Http\Request))
#30 C:\xampp\htdocs\store.moseplus.com\vendor\laravel\framework\src\Illuminate\Pipeline\Pipeline.php(137): Illuminate\View\Middleware\ShareErrorsFromSession->handle(Object(Illuminate\Http\Request), Object(Closure))
#31 C:\xampp\htdocs\store.moseplus.com\vendor\laravel\framework\src\Illuminate\Routing\Pipeline.php(33): Illuminate\Pipeline\Pipeline->Illuminate\Pipeline\{closure}(Object(Illuminate\Http\Request))
#32 C:\xampp\htdocs\store.moseplus.com\vendor\laravel\framework\src\Illuminate\Session\Middleware\StartSession.php(64): Illuminate\Routing\Pipeline->Illuminate\Routing\{closure}(Object(Illuminate\Http\Request))
#33 C:\xampp\htdocs\store.moseplus.com\vendor\laravel\framework\src\Illuminate\Pipeline\Pipeline.php(137): Illuminate\Session\Middleware\StartSession->handle(Object(Illuminate\Http\Request), Object(Closure))
#34 C:\xampp\htdocs\store.moseplus.com\vendor\laravel\framework\src\Illuminate\Routing\Pipeline.php(33): Illuminate\Pipeline\Pipeline->Illuminate\Pipeline\{closure}(Object(Illuminate\Http\Request))
#35 C:\xampp\htdocs\store.moseplus.com\vendor\laravel\framework\src\Illuminate\Cookie\Middleware\AddQueuedCookiesToResponse.php(37): Illuminate\Routing\Pipeline->Illuminate\Routing\{closure}(Object(Illuminate\Http\Request))
#36 C:\xampp\htdocs\store.moseplus.com\vendor\laravel\framework\src\Illuminate\Pipeline\Pipeline.php(137): Illuminate\Cookie\Middleware\AddQueuedCookiesToResponse->handle(Object(Illuminate\Http\Request), Object(Closure))
#37 C:\xampp\htdocs\store.moseplus.com\vendor\laravel\framework\src\Illuminate\Routing\Pipeline.php(33): Illuminate\Pipeline\Pipeline->Illuminate\Pipeline\{closure}(Object(Illuminate\Http\Request))
#38 C:\xampp\htdocs\store.moseplus.com\vendor\laravel\framework\src\Illuminate\Cookie\Middleware\EncryptCookies.php(59): Illuminate\Routing\Pipeline->Illuminate\Routing\{closure}(Object(Illuminate\Http\Request))
#39 C:\xampp\htdocs\store.moseplus.com\vendor\laravel\framework\src\Illuminate\Pipeline\Pipeline.php(137): Illuminate\Cookie\Middleware\EncryptCookies->handle(Object(Illuminate\Http\Request), Object(Closure))
#40 C:\xampp\htdocs\store.moseplus.com\vendor\laravel\framework\src\Illuminate\Routing\Pipeline.php(33): Illuminate\Pipeline\Pipeline->Illuminate\Pipeline\{closure}(Object(Illuminate\Http\Request))
#41 C:\xampp\htdocs\store.moseplus.com\vendor\laravel\framework\src\Illuminate\Pipeline\Pipeline.php(104): Illuminate\Routing\Pipeline->Illuminate\Routing\{closure}(Object(Illuminate\Http\Request))
#42 C:\xampp\htdocs\store.moseplus.com\vendor\laravel\framework\src\Illuminate\Routing\Router.php(644): Illuminate\Pipeline\Pipeline->then(Object(Closure))
#43 C:\xampp\htdocs\store.moseplus.com\vendor\laravel\framework\src\Illuminate\Routing\Router.php(618): Illuminate\Routing\Router->runRouteWithinStack(Object(Illuminate\Routing\Route), Object(Illuminate\Http\Request))
#44 C:\xampp\htdocs\store.moseplus.com\vendor\laravel\framework\src\Illuminate\Routing\Router.php(596): Illuminate\Routing\Router->dispatchToRoute(Object(Illuminate\Http\Request))
#45 C:\xampp\htdocs\store.moseplus.com\vendor\laravel\framework\src\Illuminate\Foundation\Http\Kernel.php(268): Illuminate\Routing\Router->dispatch(Object(Illuminate\Http\Request))
#46 C:\xampp\htdocs\store.moseplus.com\vendor\laravel\framework\src\Illuminate\Routing\Pipeline.php(53): Illuminate\Foundation\Http\Kernel->Illuminate\Foundation\Http\{closure}(Object(Illuminate\Http\Request))
#47 C:\xampp\htdocs\store.moseplus.com\vendor\laravel\framework\src\Illuminate\Foundation\Http\Middleware\CheckForMaintenanceMode.php(46): Illuminate\Routing\Pipeline->Illuminate\Routing\{closure}(Object(Illuminate\Http\Request))
#48 C:\xampp\htdocs\store.moseplus.com\vendor\laravel\framework\src\Illuminate\Pipeline\Pipeline.php(137): Illuminate\Foundation\Http\Middleware\CheckForMaintenanceMode->handle(Object(Illuminate\Http\Request), Object(Closure))
#49 C:\xampp\htdocs\store.moseplus.com\vendor\laravel\framework\src\Illuminate\Routing\Pipeline.php(33): Illuminate\Pipeline\Pipeline->Illuminate\Pipeline\{closure}(Object(Illuminate\Http\Request))
#50 C:\xampp\htdocs\store.moseplus.com\vendor\laravel\framework\src\Illuminate\Pipeline\Pipeline.php(104): Illuminate\Routing\Pipeline->Illuminate\Routing\{closure}(Object(Illuminate\Http\Request))
#51 C:\xampp\htdocs\store.moseplus.com\vendor\laravel\framework\src\Illuminate\Foundation\Http\Kernel.php(150): Illuminate\Pipeline\Pipeline->then(Object(Closure))
#52 C:\xampp\htdocs\store.moseplus.com\vendor\laravel\framework\src\Illuminate\Foundation\Http\Kernel.php(117): Illuminate\Foundation\Http\Kernel->sendRequestThroughRouter(Object(Illuminate\Http\Request))
#53 C:\xampp\htdocs\store.moseplus.com\index.php(54): Illuminate\Foundation\Http\Kernel->handle(Object(Illuminate\Http\Request))
#54 {main}

Next exception 'ErrorException' with message 'Trying to get property of non-object (View: C:\xampp\htdocs\store.moseplus.com\system\application\views\backend\includes\header.blade.php)' in C:\xampp\htdocs\store.moseplus.com\storage\framework\views\fcd183f1c77879b474ccfb5ca9b9f35039dd01eb.php:20
Stack trace:
#0 C:\xampp\htdocs\store.moseplus.com\vendor\laravel\framework\src\Illuminate\View\Engines\PhpEngine.php(44): Illuminate\View\Engines\CompilerEngine->handleViewException(Object(ErrorException), 3)
#1 C:\xampp\htdocs\store.moseplus.com\vendor\laravel\framework\src\Illuminate\View\Engines\CompilerEngine.php(59): Illuminate\View\Engines\PhpEngine->evaluatePath('C:\\xampp\\htdocs...', Array)
#2 C:\xampp\htdocs\store.moseplus.com\vendor\laravel\framework\src\Illuminate\View\View.php(149): Illuminate\View\Engines\CompilerEngine->get('C:\\xampp\\htdocs...', Array)
#3 C:\xampp\htdocs\store.moseplus.com\vendor\laravel\framework\src\Illuminate\View\View.php(120): Illuminate\View\View->getContents()
#4 C:\xampp\htdocs\store.moseplus.com\vendor\laravel\framework\src\Illuminate\View\View.php(85): Illuminate\View\View->renderContents()
#5 C:\xampp\htdocs\store.moseplus.com\storage\framework\views\bdf27edd0482cf38ebdff9da611116135b7da9bc.php(8): Illuminate\View\View->render()
#6 C:\xampp\htdocs\store.moseplus.com\vendor\laravel\framework\src\Illuminate\View\Engines\PhpEngine.php(42): include('C:\\xampp\\htdocs...')
#7 C:\xampp\htdocs\store.moseplus.com\vendor\laravel\framework\src\Illuminate\View\Engines\CompilerEngine.php(59): Illuminate\View\Engines\PhpEngine->evaluatePath('C:\\xampp\\htdocs...', Array)
#8 C:\xampp\htdocs\store.moseplus.com\vendor\laravel\framework\src\Illuminate\View\View.php(149): Illuminate\View\Engines\CompilerEngine->get('C:\\xampp\\htdocs...', Array)
#9 C:\xampp\htdocs\store.moseplus.com\vendor\laravel\framework\src\Illuminate\View\View.php(120): Illuminate\View\View->getContents()
#10 C:\xampp\htdocs\store.moseplus.com\vendor\laravel\framework\src\Illuminate\View\View.php(85): Illuminate\View\View->renderContents()
#11 C:\xampp\htdocs\store.moseplus.com\storage\framework\views\923d8f6556b307a938d807e1c62b6e7af8c2e8a6.php(112): Illuminate\View\View->render()
#12 C:\xampp\htdocs\store.moseplus.com\vendor\laravel\framework\src\Illuminate\View\Engines\PhpEngine.php(42): include('C:\\xampp\\htdocs...')
#13 C:\xampp\htdocs\store.moseplus.com\vendor\laravel\framework\src\Illuminate\View\Engines\CompilerEngine.php(59): Illuminate\View\Engines\PhpEngine->evaluatePath('C:\\xampp\\htdocs...', Array)
#14 C:\xampp\htdocs\store.moseplus.com\vendor\laravel\framework\src\Illuminate\View\View.php(149): Illuminate\View\Engines\CompilerEngine->get('C:\\xampp\\htdocs...', Array)
#15 C:\xampp\htdocs\store.moseplus.com\vendor\laravel\framework\src\Illuminate\View\View.php(120): Illuminate\View\View->getContents()
#16 C:\xampp\htdocs\store.moseplus.com\vendor\laravel\framework\src\Illuminate\View\View.php(85): Illuminate\View\View->renderContents()
#17 C:\xampp\htdocs\store.moseplus.com\vendor\laravel\framework\src\Illuminate\Http\Response.php(45): Illuminate\View\View->render()
#18 C:\xampp\htdocs\store.moseplus.com\vendor\symfony\http-foundation\Response.php(201): Illuminate\Http\Response->setContent(Object(Illuminate\View\View))
#19 C:\xampp\htdocs\store.moseplus.com\vendor\laravel\framework\src\Illuminate\Routing\Router.php(1017): Symfony\Component\HttpFoundation\Response->__construct(Object(Illuminate\View\View))
#20 C:\xampp\htdocs\store.moseplus.com\vendor\laravel\framework\src\Illuminate\Routing\Router.php(643): Illuminate\Routing\Router->prepareResponse(Object(Illuminate\Http\Request), Object(Illuminate\View\View))
#21 C:\xampp\htdocs\store.moseplus.com\vendor\laravel\framework\src\Illuminate\Routing\Pipeline.php(53): Illuminate\Routing\Router->Illuminate\Routing\{closure}(Object(Illuminate\Http\Request))
#22 C:\xampp\htdocs\store.moseplus.com\vendor\laravel\framework\src\Illuminate\Routing\Middleware\SubstituteBindings.php(41): Illuminate\Routing\Pipeline->Illuminate\Routing\{closure}(Object(Illuminate\Http\Request))
#23 C:\xampp\htdocs\store.moseplus.com\vendor\laravel\framework\src\Illuminate\Pipeline\Pipeline.php(137): Illuminate\Routing\Middleware\SubstituteBindings->handle(Object(Illuminate\Http\Request), Object(Closure))
#24 C:\xampp\htdocs\store.moseplus.com\vendor\laravel\framework\src\Illuminate\Routing\Pipeline.php(33): Illuminate\Pipeline\Pipeline->Illuminate\Pipeline\{closure}(Object(Illuminate\Http\Request))
#25 C:\xampp\htdocs\store.moseplus.com\vendor\laravel\framework\src\Illuminate\Foundation\Http\Middleware\VerifyCsrfToken.php(65): Illuminate\Routing\Pipeline->Illuminate\Routing\{closure}(Object(Illuminate\Http\Request))
#26 C:\xampp\htdocs\store.moseplus.com\vendor\laravel\framework\src\Illuminate\Pipeline\Pipeline.php(137): Illuminate\Foundation\Http\Middleware\VerifyCsrfToken->handle(Object(Illuminate\Http\Request), Object(Closure))
#27 C:\xampp\htdocs\store.moseplus.com\vendor\laravel\framework\src\Illuminate\Routing\Pipeline.php(33): Illuminate\Pipeline\Pipeline->Illuminate\Pipeline\{closure}(Object(Illuminate\Http\Request))
#28 C:\xampp\htdocs\store.moseplus.com\vendor\laravel\framework\src\Illuminate\View\Middleware\ShareErrorsFromSession.php(49): Illuminate\Routing\Pipeline->Illuminate\Routing\{closure}(Object(Illuminate\Http\Request))
#29 C:\xampp\htdocs\store.moseplus.com\vendor\laravel\framework\src\Illuminate\Pipeline\Pipeline.php(137): Illuminate\View\Middleware\ShareErrorsFromSession->handle(Object(Illuminate\Http\Request), Object(Closure))
#30 C:\xampp\htdocs\store.moseplus.com\vendor\laravel\framework\src\Illuminate\Routing\Pipeline.php(33): Illuminate\Pipeline\Pipeline->Illuminate\Pipeline\{closure}(Object(Illuminate\Http\Request))
#31 C:\xampp\htdocs\store.moseplus.com\vendor\laravel\framework\src\Illuminate\Session\Middleware\StartSession.php(64): Illuminate\Routing\Pipeline->Illuminate\Routing\{closure}(Object(Illuminate\Http\Request))
#32 C:\xampp\htdocs\store.moseplus.com\vendor\laravel\framework\src\Illuminate\Pipeline\Pipeline.php(137): Illuminate\Session\Middleware\StartSession->handle(Object(Illuminate\Http\Request), Object(Closure))
#33 C:\xampp\htdocs\store.moseplus.com\vendor\laravel\framework\src\Illuminate\Routing\Pipeline.php(33): Illuminate\Pipeline\Pipeline->Illuminate\Pipeline\{closure}(Object(Illuminate\Http\Request))
#34 C:\xampp\htdocs\store.moseplus.com\vendor\laravel\framework\src\Illuminate\Cookie\Middleware\AddQueuedCookiesToResponse.php(37): Illuminate\Routing\Pipeline->Illuminate\Routing\{closure}(Object(Illuminate\Http\Request))
#35 C:\xampp\htdocs\store.moseplus.com\vendor\laravel\framework\src\Illuminate\Pipeline\Pipeline.php(137): Illuminate\Cookie\Middleware\AddQueuedCookiesToResponse->handle(Object(Illuminate\Http\Request), Object(Closure))
#36 C:\xampp\htdocs\store.moseplus.com\vendor\laravel\framework\src\Illuminate\Routing\Pipeline.php(33): Illuminate\Pipeline\Pipeline->Illuminate\Pipeline\{closure}(Object(Illuminate\Http\Request))
#37 C:\xampp\htdocs\store.moseplus.com\vendor\laravel\framework\src\Illuminate\Cookie\Middleware\EncryptCookies.php(59): Illuminate\Routing\Pipeline->Illuminate\Routing\{closure}(Object(Illuminate\Http\Request))
#38 C:\xampp\htdocs\store.moseplus.com\vendor\laravel\framework\src\Illuminate\Pipeline\Pipeline.php(137): Illuminate\Cookie\Middleware\EncryptCookies->handle(Object(Illuminate\Http\Request), Object(Closure))
#39 C:\xampp\htdocs\store.moseplus.com\vendor\laravel\framework\src\Illuminate\Routing\Pipeline.php(33): Illuminate\Pipeline\Pipeline->Illuminate\Pipeline\{closure}(Object(Illuminate\Http\Request))
#40 C:\xampp\htdocs\store.moseplus.com\vendor\laravel\framework\src\Illuminate\Pipeline\Pipeline.php(104): Illuminate\Routing\Pipeline->Illuminate\Routing\{closure}(Object(Illuminate\Http\Request))
#41 C:\xampp\htdocs\store.moseplus.com\vendor\laravel\framework\src\Illuminate\Routing\Router.php(644): Illuminate\Pipeline\Pipeline->then(Object(Closure))
#42 C:\xampp\htdocs\store.moseplus.com\vendor\laravel\framework\src\Illuminate\Routing\Router.php(618): Illuminate\Routing\Router->runRouteWithinStack(Object(Illuminate\Routing\Route), Object(Illuminate\Http\Request))
#43 C:\xampp\htdocs\store.moseplus.com\vendor\laravel\framework\src\Illuminate\Routing\Router.php(596): Illuminate\Routing\Router->dispatchToRoute(Object(Illuminate\Http\Request))
#44 C:\xampp\htdocs\store.moseplus.com\vendor\laravel\framework\src\Illuminate\Foundation\Http\Kernel.php(268): Illuminate\Routing\Router->dispatch(Object(Illuminate\Http\Request))
#45 C:\xampp\htdocs\store.moseplus.com\vendor\laravel\framework\src\Illuminate\Routing\Pipeline.php(53): Illuminate\Foundation\Http\Kernel->Illuminate\Foundation\Http\{closure}(Object(Illuminate\Http\Request))
#46 C:\xampp\htdocs\store.moseplus.com\vendor\laravel\framework\src\Illuminate\Foundation\Http\Middleware\CheckForMaintenanceMode.php(46): Illuminate\Routing\Pipeline->Illuminate\Routing\{closure}(Object(Illuminate\Http\Request))
#47 C:\xampp\htdocs\store.moseplus.com\vendor\laravel\framework\src\Illuminate\Pipeline\Pipeline.php(137): Illuminate\Foundation\Http\Middleware\CheckForMaintenanceMode->handle(Object(Illuminate\Http\Request), Object(Closure))
#48 C:\xampp\htdocs\store.moseplus.com\vendor\laravel\framework\src\Illuminate\Routing\Pipeline.php(33): Illuminate\Pipeline\Pipeline->Illuminate\Pipeline\{closure}(Object(Illuminate\Http\Request))
#49 C:\xampp\htdocs\store.moseplus.com\vendor\laravel\framework\src\Illuminate\Pipeline\Pipeline.php(104): Illuminate\Routing\Pipeline->Illuminate\Routing\{closure}(Object(Illuminate\Http\Request))
#50 C:\xampp\htdocs\store.moseplus.com\vendor\laravel\framework\src\Illuminate\Foundation\Http\Kernel.php(150): Illuminate\Pipeline\Pipeline->then(Object(Closure))
#51 C:\xampp\htdocs\store.moseplus.com\vendor\laravel\framework\src\Illuminate\Foundation\Http\Kernel.php(117): Illuminate\Foundation\Http\Kernel->sendRequestThroughRouter(Object(Illuminate\Http\Request))
#52 C:\xampp\htdocs\store.moseplus.com\index.php(54): Illuminate\Foundation\Http\Kernel->handle(Object(Illuminate\Http\Request))
#53 {main}

Next exception 'ErrorException' with message 'Trying to get property of non-object (View: C:\xampp\htdocs\store.moseplus.com\system\application\views\backend\includes\header.blade.php) (View: C:\xampp\htdocs\store.moseplus.com\system\application\views\backend\includes\header.blade.php)' in C:\xampp\htdocs\store.moseplus.com\storage\framework\views\fcd183f1c77879b474ccfb5ca9b9f35039dd01eb.php:20
Stack trace:
#0 C:\xampp\htdocs\store.moseplus.com\vendor\laravel\framework\src\Illuminate\View\Engines\PhpEngine.php(44): Illuminate\View\Engines\CompilerEngine->handleViewException(Object(ErrorException), 2)
#1 C:\xampp\htdocs\store.moseplus.com\vendor\laravel\framework\src\Illuminate\View\Engines\CompilerEngine.php(59): Illuminate\View\Engines\PhpEngine->evaluatePath('C:\\xampp\\htdocs...', Array)
#2 C:\xampp\htdocs\store.moseplus.com\vendor\laravel\framework\src\Illuminate\View\View.php(149): Illuminate\View\Engines\CompilerEngine->get('C:\\xampp\\htdocs...', Array)
#3 C:\xampp\htdocs\store.moseplus.com\vendor\laravel\framework\src\Illuminate\View\View.php(120): Illuminate\View\View->getContents()
#4 C:\xampp\htdocs\store.moseplus.com\vendor\laravel\framework\src\Illuminate\View\View.php(85): Illuminate\View\View->renderContents()
#5 C:\xampp\htdocs\store.moseplus.com\storage\framework\views\923d8f6556b307a938d807e1c62b6e7af8c2e8a6.php(112): Illuminate\View\View->render()
#6 C:\xampp\htdocs\store.moseplus.com\vendor\laravel\framework\src\Illuminate\View\Engines\PhpEngine.php(42): include('C:\\xampp\\htdocs...')
#7 C:\xampp\htdocs\store.moseplus.com\vendor\laravel\framework\src\Illuminate\View\Engines\CompilerEngine.php(59): Illuminate\View\Engines\PhpEngine->evaluatePath('C:\\xampp\\htdocs...', Array)
#8 C:\xampp\htdocs\store.moseplus.com\vendor\laravel\framework\src\Illuminate\View\View.php(149): Illuminate\View\Engines\CompilerEngine->get('C:\\xampp\\htdocs...', Array)
#9 C:\xampp\htdocs\store.moseplus.com\vendor\laravel\framework\src\Illuminate\View\View.php(120): Illuminate\View\View->getContents()
#10 C:\xampp\htdocs\store.moseplus.com\vendor\laravel\framework\src\Illuminate\View\View.php(85): Illuminate\View\View->renderContents()
#11 C:\xampp\htdocs\store.moseplus.com\vendor\laravel\framework\src\Illuminate\Http\Response.php(45): Illuminate\View\View->render()
#12 C:\xampp\htdocs\store.moseplus.com\vendor\symfony\http-foundation\Response.php(201): Illuminate\Http\Response->setContent(Object(Illuminate\View\View))
#13 C:\xampp\htdocs\store.moseplus.com\vendor\laravel\framework\src\Illuminate\Routing\Router.php(1017): Symfony\Component\HttpFoundation\Response->__construct(Object(Illuminate\View\View))
#14 C:\xampp\htdocs\store.moseplus.com\vendor\laravel\framework\src\Illuminate\Routing\Router.php(643): Illuminate\Routing\Router->prepareResponse(Object(Illuminate\Http\Request), Object(Illuminate\View\View))
#15 C:\xampp\htdocs\store.moseplus.com\vendor\laravel\framework\src\Illuminate\Routing\Pipeline.php(53): Illuminate\Routing\Router->Illuminate\Routing\{closure}(Object(Illuminate\Http\Request))
#16 C:\xampp\htdocs\store.moseplus.com\vendor\laravel\framework\src\Illuminate\Routing\Middleware\SubstituteBindings.php(41): Illuminate\Routing\Pipeline->Illuminate\Routing\{closure}(Object(Illuminate\Http\Request))
#17 C:\xampp\htdocs\store.moseplus.com\vendor\laravel\framework\src\Illuminate\Pipeline\Pipeline.php(137): Illuminate\Routing\Middleware\SubstituteBindings->handle(Object(Illuminate\Http\Request), Object(Closure))
#18 C:\xampp\htdocs\store.moseplus.com\vendor\laravel\framework\src\Illuminate\Routing\Pipeline.php(33): Illuminate\Pipeline\Pipeline->Illuminate\Pipeline\{closure}(Object(Illuminate\Http\Request))
#19 C:\xampp\htdocs\store.moseplus.com\vendor\laravel\framework\src\Illuminate\Foundation\Http\Middleware\VerifyCsrfToken.php(65): Illuminate\Routing\Pipeline->Illuminate\Routing\{closure}(Object(Illuminate\Http\Request))
#20 C:\xampp\htdocs\store.moseplus.com\vendor\laravel\framework\src\Illuminate\Pipeline\Pipeline.php(137): Illuminate\Foundation\Http\Middleware\VerifyCsrfToken->handle(Object(Illuminate\Http\Request), Object(Closure))
#21 C:\xampp\htdocs\store.moseplus.com\vendor\laravel\framework\src\Illuminate\Routing\Pipeline.php(33): Illuminate\Pipeline\Pipeline->Illuminate\Pipeline\{closure}(Object(Illuminate\Http\Request))
#22 C:\xampp\htdocs\store.moseplus.com\vendor\laravel\framework\src\Illuminate\View\Middleware\ShareErrorsFromSession.php(49): Illuminate\Routing\Pipeline->Illuminate\Routing\{closure}(Object(Illuminate\Http\Request))
#23 C:\xampp\htdocs\store.moseplus.com\vendor\laravel\framework\src\Illuminate\Pipeline\Pipeline.php(137): Illuminate\View\Middleware\ShareErrorsFromSession->handle(Object(Illuminate\Http\Request), Object(Closure))
#24 C:\xampp\htdocs\store.moseplus.com\vendor\laravel\framework\src\Illuminate\Routing\Pipeline.php(33): Illuminate\Pipeline\Pipeline->Illuminate\Pipeline\{closure}(Object(Illuminate\Http\Request))
#25 C:\xampp\htdocs\store.moseplus.com\vendor\laravel\framework\src\Illuminate\Session\Middleware\StartSession.php(64): Illuminate\Routing\Pipeline->Illuminate\Routing\{closure}(Object(Illuminate\Http\Request))
#26 C:\xampp\htdocs\store.moseplus.com\vendor\laravel\framework\src\Illuminate\Pipeline\Pipeline.php(137): Illuminate\Session\Middleware\StartSession->handle(Object(Illuminate\Http\Request), Object(Closure))
#27 C:\xampp\htdocs\store.moseplus.com\vendor\laravel\framework\src\Illuminate\Routing\Pipeline.php(33): Illuminate\Pipeline\Pipeline->Illuminate\Pipeline\{closure}(Object(Illuminate\Http\Request))
#28 C:\xampp\htdocs\store.moseplus.com\vendor\laravel\framework\src\Illuminate\Cookie\Middleware\AddQueuedCookiesToResponse.php(37): Illuminate\Routing\Pipeline->Illuminate\Routing\{closure}(Object(Illuminate\Http\Request))
#29 C:\xampp\htdocs\store.moseplus.com\vendor\laravel\framework\src\Illuminate\Pipeline\Pipeline.php(137): Illuminate\Cookie\Middleware\AddQueuedCookiesToResponse->handle(Object(Illuminate\Http\Request), Object(Closure))
#30 C:\xampp\htdocs\store.moseplus.com\vendor\laravel\framework\src\Illuminate\Routing\Pipeline.php(33): Illuminate\Pipeline\Pipeline->Illuminate\Pipeline\{closure}(Object(Illuminate\Http\Request))
#31 C:\xampp\htdocs\store.moseplus.com\vendor\laravel\framework\src\Illuminate\Cookie\Middleware\EncryptCookies.php(59): Illuminate\Routing\Pipeline->Illuminate\Routing\{closure}(Object(Illuminate\Http\Request))
#32 C:\xampp\htdocs\store.moseplus.com\vendor\laravel\framework\src\Illuminate\Pipeline\Pipeline.php(137): Illuminate\Cookie\Middleware\EncryptCookies->handle(Object(Illuminate\Http\Request), Object(Closure))
#33 C:\xampp\htdocs\store.moseplus.com\vendor\laravel\framework\src\Illuminate\Routing\Pipeline.php(33): Illuminate\Pipeline\Pipeline->Illuminate\Pipeline\{closure}(Object(Illuminate\Http\Request))
#34 C:\xampp\htdocs\store.moseplus.com\vendor\laravel\framework\src\Illuminate\Pipeline\Pipeline.php(104): Illuminate\Routing\Pipeline->Illuminate\Routing\{closure}(Object(Illuminate\Http\Request))
#35 C:\xampp\htdocs\store.moseplus.com\vendor\laravel\framework\src\Illuminate\Routing\Router.php(644): Illuminate\Pipeline\Pipeline->then(Object(Closure))
#36 C:\xampp\htdocs\store.moseplus.com\vendor\laravel\framework\src\Illuminate\Routing\Router.php(618): Illuminate\Routing\Router->runRouteWithinStack(Object(Illuminate\Routing\Route), Object(Illuminate\Http\Request))
#37 C:\xampp\htdocs\store.moseplus.com\vendor\laravel\framework\src\Illuminate\Routing\Router.php(596): Illuminate\Routing\Router->dispatchToRoute(Object(Illuminate\Http\Request))
#38 C:\xampp\htdocs\store.moseplus.com\vendor\laravel\framework\src\Illuminate\Foundation\Http\Kernel.php(268): Illuminate\Routing\Router->dispatch(Object(Illuminate\Http\Request))
#39 C:\xampp\htdocs\store.moseplus.com\vendor\laravel\framework\src\Illuminate\Routing\Pipeline.php(53): Illuminate\Foundation\Http\Kernel->Illuminate\Foundation\Http\{closure}(Object(Illuminate\Http\Request))
#40 C:\xampp\htdocs\store.moseplus.com\vendor\laravel\framework\src\Illuminate\Foundation\Http\Middleware\CheckForMaintenanceMode.php(46): Illuminate\Routing\Pipeline->Illuminate\Routing\{closure}(Object(Illuminate\Http\Request))
#41 C:\xampp\htdocs\store.moseplus.com\vendor\laravel\framework\src\Illuminate\Pipeline\Pipeline.php(137): Illuminate\Foundation\Http\Middleware\CheckForMaintenanceMode->handle(Object(Illuminate\Http\Request), Object(Closure))
#42 C:\xampp\htdocs\store.moseplus.com\vendor\laravel\framework\src\Illuminate\Routing\Pipeline.php(33): Illuminate\Pipeline\Pipeline->Illuminate\Pipeline\{closure}(Object(Illuminate\Http\Request))
#43 C:\xampp\htdocs\store.moseplus.com\vendor\laravel\framework\src\Illuminate\Pipeline\Pipeline.php(104): Illuminate\Routing\Pipeline->Illuminate\Routing\{closure}(Object(Illuminate\Http\Request))
#44 C:\xampp\htdocs\store.moseplus.com\vendor\laravel\framework\src\Illuminate\Foundation\Http\Kernel.php(150): Illuminate\Pipeline\Pipeline->then(Object(Closure))
#45 C:\xampp\htdocs\store.moseplus.com\vendor\laravel\framework\src\Illuminate\Foundation\Http\Kernel.php(117): Illuminate\Foundation\Http\Kernel->sendRequestThroughRouter(Object(Illuminate\Http\Request))
#46 C:\xampp\htdocs\store.moseplus.com\index.php(54): Illuminate\Foundation\Http\Kernel->handle(Object(Illuminate\Http\Request))
#47 {main}

Next exception 'ErrorException' with message 'Trying to get property of non-object (View: C:\xampp\htdocs\store.moseplus.com\system\application\views\backend\includes\header.blade.php) (View: C:\xampp\htdocs\store.moseplus.com\system\application\views\backend\includes\header.blade.php) (View: C:\xampp\htdocs\store.moseplus.com\system\application\views\backend\includes\header.blade.php)' in C:\xampp\htdocs\store.moseplus.com\storage\framework\views\fcd183f1c77879b474ccfb5ca9b9f35039dd01eb.php:20
Stack trace:
#0 C:\xampp\htdocs\store.moseplus.com\vendor\laravel\framework\src\Illuminate\View\Engines\PhpEngine.php(44): Illuminate\View\Engines\CompilerEngine->handleViewException(Object(ErrorException), 1)
#1 C:\xampp\htdocs\store.moseplus.com\vendor\laravel\framework\src\Illuminate\View\Engines\CompilerEngine.php(59): Illuminate\View\Engines\PhpEngine->evaluatePath('C:\\xampp\\htdocs...', Array)
#2 C:\xampp\htdocs\store.moseplus.com\vendor\laravel\framework\src\Illuminate\View\View.php(149): Illuminate\View\Engines\CompilerEngine->get('C:\\xampp\\htdocs...', Array)
#3 C:\xampp\htdocs\store.moseplus.com\vendor\laravel\framework\src\Illuminate\View\View.php(120): Illuminate\View\View->getContents()
#4 C:\xampp\htdocs\store.moseplus.com\vendor\laravel\framework\src\Illuminate\View\View.php(85): Illuminate\View\View->renderContents()
#5 C:\xampp\htdocs\store.moseplus.com\vendor\laravel\framework\src\Illuminate\Http\Response.php(45): Illuminate\View\View->render()
#6 C:\xampp\htdocs\store.moseplus.com\vendor\symfony\http-foundation\Response.php(201): Illuminate\Http\Response->setContent(Object(Illuminate\View\View))
#7 C:\xampp\htdocs\store.moseplus.com\vendor\laravel\framework\src\Illuminate\Routing\Router.php(1017): Symfony\Component\HttpFoundation\Response->__construct(Object(Illuminate\View\View))
#8 C:\xampp\htdocs\store.moseplus.com\vendor\laravel\framework\src\Illuminate\Routing\Router.php(643): Illuminate\Routing\Router->prepareResponse(Object(Illuminate\Http\Request), Object(Illuminate\View\View))
#9 C:\xampp\htdocs\store.moseplus.com\vendor\laravel\framework\src\Illuminate\Routing\Pipeline.php(53): Illuminate\Routing\Router->Illuminate\Routing\{closure}(Object(Illuminate\Http\Request))
#10 C:\xampp\htdocs\store.moseplus.com\vendor\laravel\framework\src\Illuminate\Routing\Middleware\SubstituteBindings.php(41): Illuminate\Routing\Pipeline->Illuminate\Routing\{closure}(Object(Illuminate\Http\Request))
#11 C:\xampp\htdocs\store.moseplus.com\vendor\laravel\framework\src\Illuminate\Pipeline\Pipeline.php(137): Illuminate\Routing\Middleware\SubstituteBindings->handle(Object(Illuminate\Http\Request), Object(Closure))
#12 C:\xampp\htdocs\store.moseplus.com\vendor\laravel\framework\src\Illuminate\Routing\Pipeline.php(33): Illuminate\Pipeline\Pipeline->Illuminate\Pipeline\{closure}(Object(Illuminate\Http\Request))
#13 C:\xampp\htdocs\store.moseplus.com\vendor\laravel\framework\src\Illuminate\Foundation\Http\Middleware\VerifyCsrfToken.php(65): Illuminate\Routing\Pipeline->Illuminate\Routing\{closure}(Object(Illuminate\Http\Request))
#14 C:\xampp\htdocs\store.moseplus.com\vendor\laravel\framework\src\Illuminate\Pipeline\Pipeline.php(137): Illuminate\Foundation\Http\Middleware\VerifyCsrfToken->handle(Object(Illuminate\Http\Request), Object(Closure))
#15 C:\xampp\htdocs\store.moseplus.com\vendor\laravel\framework\src\Illuminate\Routing\Pipeline.php(33): Illuminate\Pipeline\Pipeline->Illuminate\Pipeline\{closure}(Object(Illuminate\Http\Request))
#16 C:\xampp\htdocs\store.moseplus.com\vendor\laravel\framework\src\Illuminate\View\Middleware\ShareErrorsFromSession.php(49): Illuminate\Routing\Pipeline->Illuminate\Routing\{closure}(Object(Illuminate\Http\Request))
#17 C:\xampp\htdocs\store.moseplus.com\vendor\laravel\framework\src\Illuminate\Pipeline\Pipeline.php(137): Illuminate\View\Middleware\ShareErrorsFromSession->handle(Object(Illuminate\Http\Request), Object(Closure))
#18 C:\xampp\htdocs\store.moseplus.com\vendor\laravel\framework\src\Illuminate\Routing\Pipeline.php(33): Illuminate\Pipeline\Pipeline->Illuminate\Pipeline\{closure}(Object(Illuminate\Http\Request))
#19 C:\xampp\htdocs\store.moseplus.com\vendor\laravel\framework\src\Illuminate\Session\Middleware\StartSession.php(64): Illuminate\Routing\Pipeline->Illuminate\Routing\{closure}(Object(Illuminate\Http\Request))
#20 C:\xampp\htdocs\store.moseplus.com\vendor\laravel\framework\src\Illuminate\Pipeline\Pipeline.php(137): Illuminate\Session\Middleware\StartSession->handle(Object(Illuminate\Http\Request), Object(Closure))
#21 C:\xampp\htdocs\store.moseplus.com\vendor\laravel\framework\src\Illuminate\Routing\Pipeline.php(33): Illuminate\Pipeline\Pipeline->Illuminate\Pipeline\{closure}(Object(Illuminate\Http\Request))
#22 C:\xampp\htdocs\store.moseplus.com\vendor\laravel\framework\src\Illuminate\Cookie\Middleware\AddQueuedCookiesToResponse.php(37): Illuminate\Routing\Pipeline->Illuminate\Routing\{closure}(Object(Illuminate\Http\Request))
#23 C:\xampp\htdocs\store.moseplus.com\vendor\laravel\framework\src\Illuminate\Pipeline\Pipeline.php(137): Illuminate\Cookie\Middleware\AddQueuedCookiesToResponse->handle(Object(Illuminate\Http\Request), Object(Closure))
#24 C:\xampp\htdocs\store.moseplus.com\vendor\laravel\framework\src\Illuminate\Routing\Pipeline.php(33): Illuminate\Pipeline\Pipeline->Illuminate\Pipeline\{closure}(Object(Illuminate\Http\Request))
#25 C:\xampp\htdocs\store.moseplus.com\vendor\laravel\framework\src\Illuminate\Cookie\Middleware\EncryptCookies.php(59): Illuminate\Routing\Pipeline->Illuminate\Routing\{closure}(Object(Illuminate\Http\Request))
#26 C:\xampp\htdocs\store.moseplus.com\vendor\laravel\framework\src\Illuminate\Pipeline\Pipeline.php(137): Illuminate\Cookie\Middleware\EncryptCookies->handle(Object(Illuminate\Http\Request), Object(Closure))
#27 C:\xampp\htdocs\store.moseplus.com\vendor\laravel\framework\src\Illuminate\Routing\Pipeline.php(33): Illuminate\Pipeline\Pipeline->Illuminate\Pipeline\{closure}(Object(Illuminate\Http\Request))
#28 C:\xampp\htdocs\store.moseplus.com\vendor\laravel\framework\src\Illuminate\Pipeline\Pipeline.php(104): Illuminate\Routing\Pipeline->Illuminate\Routing\{closure}(Object(Illuminate\Http\Request))
#29 C:\xampp\htdocs\store.moseplus.com\vendor\laravel\framework\src\Illuminate\Routing\Router.php(644): Illuminate\Pipeline\Pipeline->then(Object(Closure))
#30 C:\xampp\htdocs\store.moseplus.com\vendor\laravel\framework\src\Illuminate\Routing\Router.php(618): Illuminate\Routing\Router->runRouteWithinStack(Object(Illuminate\Routing\Route), Object(Illuminate\Http\Request))
#31 C:\xampp\htdocs\store.moseplus.com\vendor\laravel\framework\src\Illuminate\Routing\Router.php(596): Illuminate\Routing\Router->dispatchToRoute(Object(Illuminate\Http\Request))
#32 C:\xampp\htdocs\store.moseplus.com\vendor\laravel\framework\src\Illuminate\Foundation\Http\Kernel.php(268): Illuminate\Routing\Router->dispatch(Object(Illuminate\Http\Request))
#33 C:\xampp\htdocs\store.moseplus.com\vendor\laravel\framework\src\Illuminate\Routing\Pipeline.php(53): Illuminate\Foundation\Http\Kernel->Illuminate\Foundation\Http\{closure}(Object(Illuminate\Http\Request))
#34 C:\xampp\htdocs\store.moseplus.com\vendor\laravel\framework\src\Illuminate\Foundation\Http\Middleware\CheckForMaintenanceMode.php(46): Illuminate\Routing\Pipeline->Illuminate\Routing\{closure}(Object(Illuminate\Http\Request))
#35 C:\xampp\htdocs\store.moseplus.com\vendor\laravel\framework\src\Illuminate\Pipeline\Pipeline.php(137): Illuminate\Foundation\Http\Middleware\CheckForMaintenanceMode->handle(Object(Illuminate\Http\Request), Object(Closure))
#36 C:\xampp\htdocs\store.moseplus.com\vendor\laravel\framework\src\Illuminate\Routing\Pipeline.php(33): Illuminate\Pipeline\Pipeline->Illuminate\Pipeline\{closure}(Object(Illuminate\Http\Request))
#37 C:\xampp\htdocs\store.moseplus.com\vendor\laravel\framework\src\Illuminate\Pipeline\Pipeline.php(104): Illuminate\Routing\Pipeline->Illuminate\Routing\{closure}(Object(Illuminate\Http\Request))
#38 C:\xampp\htdocs\store.moseplus.com\vendor\laravel\framework\src\Illuminate\Foundation\Http\Kernel.php(150): Illuminate\Pipeline\Pipeline->then(Object(Closure))
#39 C:\xampp\htdocs\store.moseplus.com\vendor\laravel\framework\src\Illuminate\Foundation\Http\Kernel.php(117): Illuminate\Foundation\Http\Kernel->sendRequestThroughRouter(Object(Illuminate\Http\Request))
#40 C:\xampp\htdocs\store.moseplus.com\index.php(54): Illuminate\Foundation\Http\Kernel->handle(Object(Illuminate\Http\Request))
#41 {main}  
[2016-12-03 09:44:34] local.ERROR: exception 'Symfony\Component\Debug\Exception\FatalErrorException' with message 'syntax error, unexpected '=', expecting identifier (T_STRING) or variable (T_VARIABLE) or '{' or '$'' in C:\xampp\htdocs\store.moseplus.com\system\application\controllers\backend\account\LoginController.php:182
Stack trace:
#0 {main}  
[2016-12-03 09:45:24] local.ERROR: exception 'Symfony\Component\Debug\Exception\FatalErrorException' with message 'syntax error, unexpected '=', expecting identifier (T_STRING) or variable (T_VARIABLE) or '{' or '$'' in C:\xampp\htdocs\store.moseplus.com\system\application\controllers\backend\account\LoginController.php:182
Stack trace:
#0 {main}  
[2016-12-03 09:45:29] local.ERROR: exception 'Symfony\Component\Debug\Exception\FatalErrorException' with message 'syntax error, unexpected 'else' (T_ELSE), expecting function (T_FUNCTION)' in C:\xampp\htdocs\store.moseplus.com\system\application\controllers\backend\account\LoginController.php:146
Stack trace:
#0 {main}  
[2016-12-03 09:46:04] local.ERROR: exception 'Symfony\Component\Debug\Exception\FatalErrorException' with message 'syntax error, unexpected '=', expecting identifier (T_STRING) or variable (T_VARIABLE) or '{' or '$'' in C:\xampp\htdocs\store.moseplus.com\system\application\controllers\backend\account\LoginController.php:182
Stack trace:
#0 {main}  
[2016-12-03 09:46:32] local.ERROR: exception 'Symfony\Component\Debug\Exception\FatalErrorException' with message 'syntax error, unexpected '=', expecting identifier (T_STRING) or variable (T_VARIABLE) or '{' or '$'' in C:\xampp\htdocs\store.moseplus.com\system\application\controllers\backend\account\LoginController.php:181
Stack trace:
#0 {main}  
[2016-12-03 09:46:32] local.ERROR: exception 'Symfony\Component\Debug\Exception\FatalErrorException' with message 'syntax error, unexpected '=', expecting identifier (T_STRING) or variable (T_VARIABLE) or '{' or '$'' in C:\xampp\htdocs\store.moseplus.com\system\application\controllers\backend\account\LoginController.php:181
Stack trace:
#0 {main}  
[2016-12-03 09:46:33] local.ERROR: exception 'Symfony\Component\Debug\Exception\FatalErrorException' with message 'syntax error, unexpected '=', expecting identifier (T_STRING) or variable (T_VARIABLE) or '{' or '$'' in C:\xampp\htdocs\store.moseplus.com\system\application\controllers\backend\account\LoginController.php:181
Stack trace:
#0 {main}  
[2016-12-03 09:46:33] local.ERROR: exception 'Symfony\Component\Debug\Exception\FatalErrorException' with message 'syntax error, unexpected '=', expecting identifier (T_STRING) or variable (T_VARIABLE) or '{' or '$'' in C:\xampp\htdocs\store.moseplus.com\system\application\controllers\backend\account\LoginController.php:181
Stack trace:
#0 {main}  
[2016-12-03 09:46:39] local.ERROR: exception 'Symfony\Component\Debug\Exception\FatalErrorException' with message 'syntax error, unexpected '=', expecting identifier (T_STRING) or variable (T_VARIABLE) or '{' or '$'' in C:\xampp\htdocs\store.moseplus.com\system\application\controllers\backend\account\LoginController.php:181
Stack trace:
#0 {main}  
[2016-12-03 09:46:47] local.ERROR: exception 'ErrorException' with message 'Undefined property: App\Http\Controllers\backend\account\LoginController::$m_user' in C:\xampp\htdocs\store.moseplus.com\system\application\controllers\backend\account\LoginController.php:114
Stack trace:
#0 C:\xampp\htdocs\store.moseplus.com\system\application\controllers\backend\account\LoginController.php(114): Illuminate\Foundation\Bootstrap\HandleExceptions->handleError(8, 'Undefined prope...', 'C:\\xampp\\htdocs...', 114, Array)
#1 [internal function]: App\Http\Controllers\backend\account\LoginController->login(Object(Illuminate\Http\Request))
#2 C:\xampp\htdocs\store.moseplus.com\vendor\laravel\framework\src\Illuminate\Routing\Controller.php(55): call_user_func_array(Array, Array)
#3 C:\xampp\htdocs\store.moseplus.com\vendor\laravel\framework\src\Illuminate\Routing\ControllerDispatcher.php(44): Illuminate\Routing\Controller->callAction('login', Array)
#4 C:\xampp\htdocs\store.moseplus.com\vendor\laravel\framework\src\Illuminate\Routing\Route.php(190): Illuminate\Routing\ControllerDispatcher->dispatch(Object(Illuminate\Routing\Route), Object(App\Http\Controllers\backend\account\LoginController), 'login')
#5 C:\xampp\htdocs\store.moseplus.com\vendor\laravel\framework\src\Illuminate\Routing\Route.php(144): Illuminate\Routing\Route->runController()
#6 C:\xampp\htdocs\store.moseplus.com\vendor\laravel\framework\src\Illuminate\Routing\Router.php(642): Illuminate\Routing\Route->run(Object(Illuminate\Http\Request))
#7 C:\xampp\htdocs\store.moseplus.com\vendor\laravel\framework\src\Illuminate\Routing\Pipeline.php(53): Illuminate\Routing\Router->Illuminate\Routing\{closure}(Object(Illuminate\Http\Request))
#8 C:\xampp\htdocs\store.moseplus.com\vendor\laravel\framework\src\Illuminate\Routing\Middleware\SubstituteBindings.php(41): Illuminate\Routing\Pipeline->Illuminate\Routing\{closure}(Object(Illuminate\Http\Request))
#9 C:\xampp\htdocs\store.moseplus.com\vendor\laravel\framework\src\Illuminate\Pipeline\Pipeline.php(137): Illuminate\Routing\Middleware\SubstituteBindings->handle(Object(Illuminate\Http\Request), Object(Closure))
#10 C:\xampp\htdocs\store.moseplus.com\vendor\laravel\framework\src\Illuminate\Routing\Pipeline.php(33): Illuminate\Pipeline\Pipeline->Illuminate\Pipeline\{closure}(Object(Illuminate\Http\Request))
#11 C:\xampp\htdocs\store.moseplus.com\vendor\laravel\framework\src\Illuminate\Foundation\Http\Middleware\VerifyCsrfToken.php(65): Illuminate\Routing\Pipeline->Illuminate\Routing\{closure}(Object(Illuminate\Http\Request))
#12 C:\xampp\htdocs\store.moseplus.com\vendor\laravel\framework\src\Illuminate\Pipeline\Pipeline.php(137): Illuminate\Foundation\Http\Middleware\VerifyCsrfToken->handle(Object(Illuminate\Http\Request), Object(Closure))
#13 C:\xampp\htdocs\store.moseplus.com\vendor\laravel\framework\src\Illuminate\Routing\Pipeline.php(33): Illuminate\Pipeline\Pipeline->Illuminate\Pipeline\{closure}(Object(Illuminate\Http\Request))
#14 C:\xampp\htdocs\store.moseplus.com\vendor\laravel\framework\src\Illuminate\View\Middleware\ShareErrorsFromSession.php(49): Illuminate\Routing\Pipeline->Illuminate\Routing\{closure}(Object(Illuminate\Http\Request))
#15 C:\xampp\htdocs\store.moseplus.com\vendor\laravel\framework\src\Illuminate\Pipeline\Pipeline.php(137): Illuminate\View\Middleware\ShareErrorsFromSession->handle(Object(Illuminate\Http\Request), Object(Closure))
#16 C:\xampp\htdocs\store.moseplus.com\vendor\laravel\framework\src\Illuminate\Routing\Pipeline.php(33): Illuminate\Pipeline\Pipeline->Illuminate\Pipeline\{closure}(Object(Illuminate\Http\Request))
#17 C:\xampp\htdocs\store.moseplus.com\vendor\laravel\framework\src\Illuminate\Session\Middleware\StartSession.php(64): Illuminate\Routing\Pipeline->Illuminate\Routing\{closure}(Object(Illuminate\Http\Request))
#18 C:\xampp\htdocs\store.moseplus.com\vendor\laravel\framework\src\Illuminate\Pipeline\Pipeline.php(137): Illuminate\Session\Middleware\StartSession->handle(Object(Illuminate\Http\Request), Object(Closure))
#19 C:\xampp\htdocs\store.moseplus.com\vendor\laravel\framework\src\Illuminate\Routing\Pipeline.php(33): Illuminate\Pipeline\Pipeline->Illuminate\Pipeline\{closure}(Object(Illuminate\Http\Request))
#20 C:\xampp\htdocs\store.moseplus.com\vendor\laravel\framework\src\Illuminate\Cookie\Middleware\AddQueuedCookiesToResponse.php(37): Illuminate\Routing\Pipeline->Illuminate\Routing\{closure}(Object(Illuminate\Http\Request))
#21 C:\xampp\htdocs\store.moseplus.com\vendor\laravel\framework\src\Illuminate\Pipeline\Pipeline.php(137): Illuminate\Cookie\Middleware\AddQueuedCookiesToResponse->handle(Object(Illuminate\Http\Request), Object(Closure))
#22 C:\xampp\htdocs\store.moseplus.com\vendor\laravel\framework\src\Illuminate\Routing\Pipeline.php(33): Illuminate\Pipeline\Pipeline->Illuminate\Pipeline\{closure}(Object(Illuminate\Http\Request))
#23 C:\xampp\htdocs\store.moseplus.com\vendor\laravel\framework\src\Illuminate\Cookie\Middleware\EncryptCookies.php(59): Illuminate\Routing\Pipeline->Illuminate\Routing\{closure}(Object(Illuminate\Http\Request))
#24 C:\xampp\htdocs\store.moseplus.com\vendor\laravel\framework\src\Illuminate\Pipeline\Pipeline.php(137): Illuminate\Cookie\Middleware\EncryptCookies->handle(Object(Illuminate\Http\Request), Object(Closure))
#25 C:\xampp\htdocs\store.moseplus.com\vendor\laravel\framework\src\Illuminate\Routing\Pipeline.php(33): Illuminate\Pipeline\Pipeline->Illuminate\Pipeline\{closure}(Object(Illuminate\Http\Request))
#26 C:\xampp\htdocs\store.moseplus.com\vendor\laravel\framework\src\Illuminate\Pipeline\Pipeline.php(104): Illuminate\Routing\Pipeline->Illuminate\Routing\{closure}(Object(Illuminate\Http\Request))
#27 C:\xampp\htdocs\store.moseplus.com\vendor\laravel\framework\src\Illuminate\Routing\Router.php(644): Illuminate\Pipeline\Pipeline->then(Object(Closure))
#28 C:\xampp\htdocs\store.moseplus.com\vendor\laravel\framework\src\Illuminate\Routing\Router.php(618): Illuminate\Routing\Router->runRouteWithinStack(Object(Illuminate\Routing\Route), Object(Illuminate\Http\Request))
#29 C:\xampp\htdocs\store.moseplus.com\vendor\laravel\framework\src\Illuminate\Routing\Router.php(596): Illuminate\Routing\Router->dispatchToRoute(Object(Illuminate\Http\Request))
#30 C:\xampp\htdocs\store.moseplus.com\vendor\laravel\framework\src\Illuminate\Foundation\Http\Kernel.php(268): Illuminate\Routing\Router->dispatch(Object(Illuminate\Http\Request))
#31 C:\xampp\htdocs\store.moseplus.com\vendor\laravel\framework\src\Illuminate\Routing\Pipeline.php(53): Illuminate\Foundation\Http\Kernel->Illuminate\Foundation\Http\{closure}(Object(Illuminate\Http\Request))
#32 C:\xampp\htdocs\store.moseplus.com\vendor\laravel\framework\src\Illuminate\Foundation\Http\Middleware\CheckForMaintenanceMode.php(46): Illuminate\Routing\Pipeline->Illuminate\Routing\{closure}(Object(Illuminate\Http\Request))
#33 C:\xampp\htdocs\store.moseplus.com\vendor\laravel\framework\src\Illuminate\Pipeline\Pipeline.php(137): Illuminate\Foundation\Http\Middleware\CheckForMaintenanceMode->handle(Object(Illuminate\Http\Request), Object(Closure))
#34 C:\xampp\htdocs\store.moseplus.com\vendor\laravel\framework\src\Illuminate\Routing\Pipeline.php(33): Illuminate\Pipeline\Pipeline->Illuminate\Pipeline\{closure}(Object(Illuminate\Http\Request))
#35 C:\xampp\htdocs\store.moseplus.com\vendor\laravel\framework\src\Illuminate\Pipeline\Pipeline.php(104): Illuminate\Routing\Pipeline->Illuminate\Routing\{closure}(Object(Illuminate\Http\Request))
#36 C:\xampp\htdocs\store.moseplus.com\vendor\laravel\framework\src\Illuminate\Foundation\Http\Kernel.php(150): Illuminate\Pipeline\Pipeline->then(Object(Closure))
#37 C:\xampp\htdocs\store.moseplus.com\vendor\laravel\framework\src\Illuminate\Foundation\Http\Kernel.php(117): Illuminate\Foundation\Http\Kernel->sendRequestThroughRouter(Object(Illuminate\Http\Request))
#38 C:\xampp\htdocs\store.moseplus.com\index.php(54): Illuminate\Foundation\Http\Kernel->handle(Object(Illuminate\Http\Request))
#39 {main}  
[2016-12-03 09:46:59] local.ERROR: exception 'ErrorException' with message 'Undefined property: App\Http\Controllers\backend\account\LoginController::$m_user' in C:\xampp\htdocs\store.moseplus.com\system\application\controllers\backend\account\LoginController.php:114
Stack trace:
#0 C:\xampp\htdocs\store.moseplus.com\system\application\controllers\backend\account\LoginController.php(114): Illuminate\Foundation\Bootstrap\HandleExceptions->handleError(8, 'Undefined prope...', 'C:\\xampp\\htdocs...', 114, Array)
#1 [internal function]: App\Http\Controllers\backend\account\LoginController->login(Object(Illuminate\Http\Request))
#2 C:\xampp\htdocs\store.moseplus.com\vendor\laravel\framework\src\Illuminate\Routing\Controller.php(55): call_user_func_array(Array, Array)
#3 C:\xampp\htdocs\store.moseplus.com\vendor\laravel\framework\src\Illuminate\Routing\ControllerDispatcher.php(44): Illuminate\Routing\Controller->callAction('login', Array)
#4 C:\xampp\htdocs\store.moseplus.com\vendor\laravel\framework\src\Illuminate\Routing\Route.php(190): Illuminate\Routing\ControllerDispatcher->dispatch(Object(Illuminate\Routing\Route), Object(App\Http\Controllers\backend\account\LoginController), 'login')
#5 C:\xampp\htdocs\store.moseplus.com\vendor\laravel\framework\src\Illuminate\Routing\Route.php(144): Illuminate\Routing\Route->runController()
#6 C:\xampp\htdocs\store.moseplus.com\vendor\laravel\framework\src\Illuminate\Routing\Router.php(642): Illuminate\Routing\Route->run(Object(Illuminate\Http\Request))
#7 C:\xampp\htdocs\store.moseplus.com\vendor\laravel\framework\src\Illuminate\Routing\Pipeline.php(53): Illuminate\Routing\Router->Illuminate\Routing\{closure}(Object(Illuminate\Http\Request))
#8 C:\xampp\htdocs\store.moseplus.com\vendor\laravel\framework\src\Illuminate\Routing\Middleware\SubstituteBindings.php(41): Illuminate\Routing\Pipeline->Illuminate\Routing\{closure}(Object(Illuminate\Http\Request))
#9 C:\xampp\htdocs\store.moseplus.com\vendor\laravel\framework\src\Illuminate\Pipeline\Pipeline.php(137): Illuminate\Routing\Middleware\SubstituteBindings->handle(Object(Illuminate\Http\Request), Object(Closure))
#10 C:\xampp\htdocs\store.moseplus.com\vendor\laravel\framework\src\Illuminate\Routing\Pipeline.php(33): Illuminate\Pipeline\Pipeline->Illuminate\Pipeline\{closure}(Object(Illuminate\Http\Request))
#11 C:\xampp\htdocs\store.moseplus.com\vendor\laravel\framework\src\Illuminate\Foundation\Http\Middleware\VerifyCsrfToken.php(65): Illuminate\Routing\Pipeline->Illuminate\Routing\{closure}(Object(Illuminate\Http\Request))
#12 C:\xampp\htdocs\store.moseplus.com\vendor\laravel\framework\src\Illuminate\Pipeline\Pipeline.php(137): Illuminate\Foundation\Http\Middleware\VerifyCsrfToken->handle(Object(Illuminate\Http\Request), Object(Closure))
#13 C:\xampp\htdocs\store.moseplus.com\vendor\laravel\framework\src\Illuminate\Routing\Pipeline.php(33): Illuminate\Pipeline\Pipeline->Illuminate\Pipeline\{closure}(Object(Illuminate\Http\Request))
#14 C:\xampp\htdocs\store.moseplus.com\vendor\laravel\framework\src\Illuminate\View\Middleware\ShareErrorsFromSession.php(49): Illuminate\Routing\Pipeline->Illuminate\Routing\{closure}(Object(Illuminate\Http\Request))
#15 C:\xampp\htdocs\store.moseplus.com\vendor\laravel\framework\src\Illuminate\Pipeline\Pipeline.php(137): Illuminate\View\Middleware\ShareErrorsFromSession->handle(Object(Illuminate\Http\Request), Object(Closure))
#16 C:\xampp\htdocs\store.moseplus.com\vendor\laravel\framework\src\Illuminate\Routing\Pipeline.php(33): Illuminate\Pipeline\Pipeline->Illuminate\Pipeline\{closure}(Object(Illuminate\Http\Request))
#17 C:\xampp\htdocs\store.moseplus.com\vendor\laravel\framework\src\Illuminate\Session\Middleware\StartSession.php(64): Illuminate\Routing\Pipeline->Illuminate\Routing\{closure}(Object(Illuminate\Http\Request))
#18 C:\xampp\htdocs\store.moseplus.com\vendor\laravel\framework\src\Illuminate\Pipeline\Pipeline.php(137): Illuminate\Session\Middleware\StartSession->handle(Object(Illuminate\Http\Request), Object(Closure))
#19 C:\xampp\htdocs\store.moseplus.com\vendor\laravel\framework\src\Illuminate\Routing\Pipeline.php(33): Illuminate\Pipeline\Pipeline->Illuminate\Pipeline\{closure}(Object(Illuminate\Http\Request))
#20 C:\xampp\htdocs\store.moseplus.com\vendor\laravel\framework\src\Illuminate\Cookie\Middleware\AddQueuedCookiesToResponse.php(37): Illuminate\Routing\Pipeline->Illuminate\Routing\{closure}(Object(Illuminate\Http\Request))
#21 C:\xampp\htdocs\store.moseplus.com\vendor\laravel\framework\src\Illuminate\Pipeline\Pipeline.php(137): Illuminate\Cookie\Middleware\AddQueuedCookiesToResponse->handle(Object(Illuminate\Http\Request), Object(Closure))
#22 C:\xampp\htdocs\store.moseplus.com\vendor\laravel\framework\src\Illuminate\Routing\Pipeline.php(33): Illuminate\Pipeline\Pipeline->Illuminate\Pipeline\{closure}(Object(Illuminate\Http\Request))
#23 C:\xampp\htdocs\store.moseplus.com\vendor\laravel\framework\src\Illuminate\Cookie\Middleware\EncryptCookies.php(59): Illuminate\Routing\Pipeline->Illuminate\Routing\{closure}(Object(Illuminate\Http\Request))
#24 C:\xampp\htdocs\store.moseplus.com\vendor\laravel\framework\src\Illuminate\Pipeline\Pipeline.php(137): Illuminate\Cookie\Middleware\EncryptCookies->handle(Object(Illuminate\Http\Request), Object(Closure))
#25 C:\xampp\htdocs\store.moseplus.com\vendor\laravel\framework\src\Illuminate\Routing\Pipeline.php(33): Illuminate\Pipeline\Pipeline->Illuminate\Pipeline\{closure}(Object(Illuminate\Http\Request))
#26 C:\xampp\htdocs\store.moseplus.com\vendor\laravel\framework\src\Illuminate\Pipeline\Pipeline.php(104): Illuminate\Routing\Pipeline->Illuminate\Routing\{closure}(Object(Illuminate\Http\Request))
#27 C:\xampp\htdocs\store.moseplus.com\vendor\laravel\framework\src\Illuminate\Routing\Router.php(644): Illuminate\Pipeline\Pipeline->then(Object(Closure))
#28 C:\xampp\htdocs\store.moseplus.com\vendor\laravel\framework\src\Illuminate\Routing\Router.php(618): Illuminate\Routing\Router->runRouteWithinStack(Object(Illuminate\Routing\Route), Object(Illuminate\Http\Request))
#29 C:\xampp\htdocs\store.moseplus.com\vendor\laravel\framework\src\Illuminate\Routing\Router.php(596): Illuminate\Routing\Router->dispatchToRoute(Object(Illuminate\Http\Request))
#30 C:\xampp\htdocs\store.moseplus.com\vendor\laravel\framework\src\Illuminate\Foundation\Http\Kernel.php(268): Illuminate\Routing\Router->dispatch(Object(Illuminate\Http\Request))
#31 C:\xampp\htdocs\store.moseplus.com\vendor\laravel\framework\src\Illuminate\Routing\Pipeline.php(53): Illuminate\Foundation\Http\Kernel->Illuminate\Foundation\Http\{closure}(Object(Illuminate\Http\Request))
#32 C:\xampp\htdocs\store.moseplus.com\vendor\laravel\framework\src\Illuminate\Foundation\Http\Middleware\CheckForMaintenanceMode.php(46): Illuminate\Routing\Pipeline->Illuminate\Routing\{closure}(Object(Illuminate\Http\Request))
#33 C:\xampp\htdocs\store.moseplus.com\vendor\laravel\framework\src\Illuminate\Pipeline\Pipeline.php(137): Illuminate\Foundation\Http\Middleware\CheckForMaintenanceMode->handle(Object(Illuminate\Http\Request), Object(Closure))
#34 C:\xampp\htdocs\store.moseplus.com\vendor\laravel\framework\src\Illuminate\Routing\Pipeline.php(33): Illuminate\Pipeline\Pipeline->Illuminate\Pipeline\{closure}(Object(Illuminate\Http\Request))
#35 C:\xampp\htdocs\store.moseplus.com\vendor\laravel\framework\src\Illuminate\Pipeline\Pipeline.php(104): Illuminate\Routing\Pipeline->Illuminate\Routing\{closure}(Object(Illuminate\Http\Request))
#36 C:\xampp\htdocs\store.moseplus.com\vendor\laravel\framework\src\Illuminate\Foundation\Http\Kernel.php(150): Illuminate\Pipeline\Pipeline->then(Object(Closure))
#37 C:\xampp\htdocs\store.moseplus.com\vendor\laravel\framework\src\Illuminate\Foundation\Http\Kernel.php(117): Illuminate\Foundation\Http\Kernel->sendRequestThroughRouter(Object(Illuminate\Http\Request))
#38 C:\xampp\htdocs\store.moseplus.com\index.php(54): Illuminate\Foundation\Http\Kernel->handle(Object(Illuminate\Http\Request))
#39 {main}  
[2016-12-03 09:47:59] local.ERROR: exception 'ErrorException' with message 'Undefined property: App\Http\Controllers\backend\account\LoginController::$m_user' in C:\xampp\htdocs\store.moseplus.com\system\application\controllers\backend\account\LoginController.php:114
Stack trace:
#0 C:\xampp\htdocs\store.moseplus.com\system\application\controllers\backend\account\LoginController.php(114): Illuminate\Foundation\Bootstrap\HandleExceptions->handleError(8, 'Undefined prope...', 'C:\\xampp\\htdocs...', 114, Array)
#1 [internal function]: App\Http\Controllers\backend\account\LoginController->login(Object(Illuminate\Http\Request))
#2 C:\xampp\htdocs\store.moseplus.com\vendor\laravel\framework\src\Illuminate\Routing\Controller.php(55): call_user_func_array(Array, Array)
#3 C:\xampp\htdocs\store.moseplus.com\vendor\laravel\framework\src\Illuminate\Routing\ControllerDispatcher.php(44): Illuminate\Routing\Controller->callAction('login', Array)
#4 C:\xampp\htdocs\store.moseplus.com\vendor\laravel\framework\src\Illuminate\Routing\Route.php(190): Illuminate\Routing\ControllerDispatcher->dispatch(Object(Illuminate\Routing\Route), Object(App\Http\Controllers\backend\account\LoginController), 'login')
#5 C:\xampp\htdocs\store.moseplus.com\vendor\laravel\framework\src\Illuminate\Routing\Route.php(144): Illuminate\Routing\Route->runController()
#6 C:\xampp\htdocs\store.moseplus.com\vendor\laravel\framework\src\Illuminate\Routing\Router.php(642): Illuminate\Routing\Route->run(Object(Illuminate\Http\Request))
#7 C:\xampp\htdocs\store.moseplus.com\vendor\laravel\framework\src\Illuminate\Routing\Pipeline.php(53): Illuminate\Routing\Router->Illuminate\Routing\{closure}(Object(Illuminate\Http\Request))
#8 C:\xampp\htdocs\store.moseplus.com\vendor\laravel\framework\src\Illuminate\Routing\Middleware\SubstituteBindings.php(41): Illuminate\Routing\Pipeline->Illuminate\Routing\{closure}(Object(Illuminate\Http\Request))
#9 C:\xampp\htdocs\store.moseplus.com\vendor\laravel\framework\src\Illuminate\Pipeline\Pipeline.php(137): Illuminate\Routing\Middleware\SubstituteBindings->handle(Object(Illuminate\Http\Request), Object(Closure))
#10 C:\xampp\htdocs\store.moseplus.com\vendor\laravel\framework\src\Illuminate\Routing\Pipeline.php(33): Illuminate\Pipeline\Pipeline->Illuminate\Pipeline\{closure}(Object(Illuminate\Http\Request))
#11 C:\xampp\htdocs\store.moseplus.com\vendor\laravel\framework\src\Illuminate\Foundation\Http\Middleware\VerifyCsrfToken.php(65): Illuminate\Routing\Pipeline->Illuminate\Routing\{closure}(Object(Illuminate\Http\Request))
#12 C:\xampp\htdocs\store.moseplus.com\vendor\laravel\framework\src\Illuminate\Pipeline\Pipeline.php(137): Illuminate\Foundation\Http\Middleware\VerifyCsrfToken->handle(Object(Illuminate\Http\Request), Object(Closure))
#13 C:\xampp\htdocs\store.moseplus.com\vendor\laravel\framework\src\Illuminate\Routing\Pipeline.php(33): Illuminate\Pipeline\Pipeline->Illuminate\Pipeline\{closure}(Object(Illuminate\Http\Request))
#14 C:\xampp\htdocs\store.moseplus.com\vendor\laravel\framework\src\Illuminate\View\Middleware\ShareErrorsFromSession.php(49): Illuminate\Routing\Pipeline->Illuminate\Routing\{closure}(Object(Illuminate\Http\Request))
#15 C:\xampp\htdocs\store.moseplus.com\vendor\laravel\framework\src\Illuminate\Pipeline\Pipeline.php(137): Illuminate\View\Middleware\ShareErrorsFromSession->handle(Object(Illuminate\Http\Request), Object(Closure))
#16 C:\xampp\htdocs\store.moseplus.com\vendor\laravel\framework\src\Illuminate\Routing\Pipeline.php(33): Illuminate\Pipeline\Pipeline->Illuminate\Pipeline\{closure}(Object(Illuminate\Http\Request))
#17 C:\xampp\htdocs\store.moseplus.com\vendor\laravel\framework\src\Illuminate\Session\Middleware\StartSession.php(64): Illuminate\Routing\Pipeline->Illuminate\Routing\{closure}(Object(Illuminate\Http\Request))
#18 C:\xampp\htdocs\store.moseplus.com\vendor\laravel\framework\src\Illuminate\Pipeline\Pipeline.php(137): Illuminate\Session\Middleware\StartSession->handle(Object(Illuminate\Http\Request), Object(Closure))
#19 C:\xampp\htdocs\store.moseplus.com\vendor\laravel\framework\src\Illuminate\Routing\Pipeline.php(33): Illuminate\Pipeline\Pipeline->Illuminate\Pipeline\{closure}(Object(Illuminate\Http\Request))
#20 C:\xampp\htdocs\store.moseplus.com\vendor\laravel\framework\src\Illuminate\Cookie\Middleware\AddQueuedCookiesToResponse.php(37): Illuminate\Routing\Pipeline->Illuminate\Routing\{closure}(Object(Illuminate\Http\Request))
#21 C:\xampp\htdocs\store.moseplus.com\vendor\laravel\framework\src\Illuminate\Pipeline\Pipeline.php(137): Illuminate\Cookie\Middleware\AddQueuedCookiesToResponse->handle(Object(Illuminate\Http\Request), Object(Closure))
#22 C:\xampp\htdocs\store.moseplus.com\vendor\laravel\framework\src\Illuminate\Routing\Pipeline.php(33): Illuminate\Pipeline\Pipeline->Illuminate\Pipeline\{closure}(Object(Illuminate\Http\Request))
#23 C:\xampp\htdocs\store.moseplus.com\vendor\laravel\framework\src\Illuminate\Cookie\Middleware\EncryptCookies.php(59): Illuminate\Routing\Pipeline->Illuminate\Routing\{closure}(Object(Illuminate\Http\Request))
#24 C:\xampp\htdocs\store.moseplus.com\vendor\laravel\framework\src\Illuminate\Pipeline\Pipeline.php(137): Illuminate\Cookie\Middleware\EncryptCookies->handle(Object(Illuminate\Http\Request), Object(Closure))
#25 C:\xampp\htdocs\store.moseplus.com\vendor\laravel\framework\src\Illuminate\Routing\Pipeline.php(33): Illuminate\Pipeline\Pipeline->Illuminate\Pipeline\{closure}(Object(Illuminate\Http\Request))
#26 C:\xampp\htdocs\store.moseplus.com\vendor\laravel\framework\src\Illuminate\Pipeline\Pipeline.php(104): Illuminate\Routing\Pipeline->Illuminate\Routing\{closure}(Object(Illuminate\Http\Request))
#27 C:\xampp\htdocs\store.moseplus.com\vendor\laravel\framework\src\Illuminate\Routing\Router.php(644): Illuminate\Pipeline\Pipeline->then(Object(Closure))
#28 C:\xampp\htdocs\store.moseplus.com\vendor\laravel\framework\src\Illuminate\Routing\Router.php(618): Illuminate\Routing\Router->runRouteWithinStack(Object(Illuminate\Routing\Route), Object(Illuminate\Http\Request))
#29 C:\xampp\htdocs\store.moseplus.com\vendor\laravel\framework\src\Illuminate\Routing\Router.php(596): Illuminate\Routing\Router->dispatchToRoute(Object(Illuminate\Http\Request))
#30 C:\xampp\htdocs\store.moseplus.com\vendor\laravel\framework\src\Illuminate\Foundation\Http\Kernel.php(268): Illuminate\Routing\Router->dispatch(Object(Illuminate\Http\Request))
#31 C:\xampp\htdocs\store.moseplus.com\vendor\laravel\framework\src\Illuminate\Routing\Pipeline.php(53): Illuminate\Foundation\Http\Kernel->Illuminate\Foundation\Http\{closure}(Object(Illuminate\Http\Request))
#32 C:\xampp\htdocs\store.moseplus.com\vendor\laravel\framework\src\Illuminate\Foundation\Http\Middleware\CheckForMaintenanceMode.php(46): Illuminate\Routing\Pipeline->Illuminate\Routing\{closure}(Object(Illuminate\Http\Request))
#33 C:\xampp\htdocs\store.moseplus.com\vendor\laravel\framework\src\Illuminate\Pipeline\Pipeline.php(137): Illuminate\Foundation\Http\Middleware\CheckForMaintenanceMode->handle(Object(Illuminate\Http\Request), Object(Closure))
#34 C:\xampp\htdocs\store.moseplus.com\vendor\laravel\framework\src\Illuminate\Routing\Pipeline.php(33): Illuminate\Pipeline\Pipeline->Illuminate\Pipeline\{closure}(Object(Illuminate\Http\Request))
#35 C:\xampp\htdocs\store.moseplus.com\vendor\laravel\framework\src\Illuminate\Pipeline\Pipeline.php(104): Illuminate\Routing\Pipeline->Illuminate\Routing\{closure}(Object(Illuminate\Http\Request))
#36 C:\xampp\htdocs\store.moseplus.com\vendor\laravel\framework\src\Illuminate\Foundation\Http\Kernel.php(150): Illuminate\Pipeline\Pipeline->then(Object(Closure))
#37 C:\xampp\htdocs\store.moseplus.com\vendor\laravel\framework\src\Illuminate\Foundation\Http\Kernel.php(117): Illuminate\Foundation\Http\Kernel->sendRequestThroughRouter(Object(Illuminate\Http\Request))
#38 C:\xampp\htdocs\store.moseplus.com\index.php(54): Illuminate\Foundation\Http\Kernel->handle(Object(Illuminate\Http\Request))
#39 {main}  
[2016-12-03 09:48:37] local.ERROR: exception 'ErrorException' with message 'Undefined property: App\Http\Controllers\backend\account\LoginController::$m_user' in C:\xampp\htdocs\store.moseplus.com\system\application\controllers\backend\account\LoginController.php:114
Stack trace:
#0 C:\xampp\htdocs\store.moseplus.com\system\application\controllers\backend\account\LoginController.php(114): Illuminate\Foundation\Bootstrap\HandleExceptions->handleError(8, 'Undefined prope...', 'C:\\xampp\\htdocs...', 114, Array)
#1 [internal function]: App\Http\Controllers\backend\account\LoginController->login(Object(Illuminate\Http\Request))
#2 C:\xampp\htdocs\store.moseplus.com\vendor\laravel\framework\src\Illuminate\Routing\Controller.php(55): call_user_func_array(Array, Array)
#3 C:\xampp\htdocs\store.moseplus.com\vendor\laravel\framework\src\Illuminate\Routing\ControllerDispatcher.php(44): Illuminate\Routing\Controller->callAction('login', Array)
#4 C:\xampp\htdocs\store.moseplus.com\vendor\laravel\framework\src\Illuminate\Routing\Route.php(190): Illuminate\Routing\ControllerDispatcher->dispatch(Object(Illuminate\Routing\Route), Object(App\Http\Controllers\backend\account\LoginController), 'login')
#5 C:\xampp\htdocs\store.moseplus.com\vendor\laravel\framework\src\Illuminate\Routing\Route.php(144): Illuminate\Routing\Route->runController()
#6 C:\xampp\htdocs\store.moseplus.com\vendor\laravel\framework\src\Illuminate\Routing\Router.php(642): Illuminate\Routing\Route->run(Object(Illuminate\Http\Request))
#7 C:\xampp\htdocs\store.moseplus.com\vendor\laravel\framework\src\Illuminate\Routing\Pipeline.php(53): Illuminate\Routing\Router->Illuminate\Routing\{closure}(Object(Illuminate\Http\Request))
#8 C:\xampp\htdocs\store.moseplus.com\vendor\laravel\framework\src\Illuminate\Routing\Middleware\SubstituteBindings.php(41): Illuminate\Routing\Pipeline->Illuminate\Routing\{closure}(Object(Illuminate\Http\Request))
#9 C:\xampp\htdocs\store.moseplus.com\vendor\laravel\framework\src\Illuminate\Pipeline\Pipeline.php(137): Illuminate\Routing\Middleware\SubstituteBindings->handle(Object(Illuminate\Http\Request), Object(Closure))
#10 C:\xampp\htdocs\store.moseplus.com\vendor\laravel\framework\src\Illuminate\Routing\Pipeline.php(33): Illuminate\Pipeline\Pipeline->Illuminate\Pipeline\{closure}(Object(Illuminate\Http\Request))
#11 C:\xampp\htdocs\store.moseplus.com\vendor\laravel\framework\src\Illuminate\Foundation\Http\Middleware\VerifyCsrfToken.php(65): Illuminate\Routing\Pipeline->Illuminate\Routing\{closure}(Object(Illuminate\Http\Request))
#12 C:\xampp\htdocs\store.moseplus.com\vendor\laravel\framework\src\Illuminate\Pipeline\Pipeline.php(137): Illuminate\Foundation\Http\Middleware\VerifyCsrfToken->handle(Object(Illuminate\Http\Request), Object(Closure))
#13 C:\xampp\htdocs\store.moseplus.com\vendor\laravel\framework\src\Illuminate\Routing\Pipeline.php(33): Illuminate\Pipeline\Pipeline->Illuminate\Pipeline\{closure}(Object(Illuminate\Http\Request))
#14 C:\xampp\htdocs\store.moseplus.com\vendor\laravel\framework\src\Illuminate\View\Middleware\ShareErrorsFromSession.php(49): Illuminate\Routing\Pipeline->Illuminate\Routing\{closure}(Object(Illuminate\Http\Request))
#15 C:\xampp\htdocs\store.moseplus.com\vendor\laravel\framework\src\Illuminate\Pipeline\Pipeline.php(137): Illuminate\View\Middleware\ShareErrorsFromSession->handle(Object(Illuminate\Http\Request), Object(Closure))
#16 C:\xampp\htdocs\store.moseplus.com\vendor\laravel\framework\src\Illuminate\Routing\Pipeline.php(33): Illuminate\Pipeline\Pipeline->Illuminate\Pipeline\{closure}(Object(Illuminate\Http\Request))
#17 C:\xampp\htdocs\store.moseplus.com\vendor\laravel\framework\src\Illuminate\Session\Middleware\StartSession.php(64): Illuminate\Routing\Pipeline->Illuminate\Routing\{closure}(Object(Illuminate\Http\Request))
#18 C:\xampp\htdocs\store.moseplus.com\vendor\laravel\framework\src\Illuminate\Pipeline\Pipeline.php(137): Illuminate\Session\Middleware\StartSession->handle(Object(Illuminate\Http\Request), Object(Closure))
#19 C:\xampp\htdocs\store.moseplus.com\vendor\laravel\framework\src\Illuminate\Routing\Pipeline.php(33): Illuminate\Pipeline\Pipeline->Illuminate\Pipeline\{closure}(Object(Illuminate\Http\Request))
#20 C:\xampp\htdocs\store.moseplus.com\vendor\laravel\framework\src\Illuminate\Cookie\Middleware\AddQueuedCookiesToResponse.php(37): Illuminate\Routing\Pipeline->Illuminate\Routing\{closure}(Object(Illuminate\Http\Request))
#21 C:\xampp\htdocs\store.moseplus.com\vendor\laravel\framework\src\Illuminate\Pipeline\Pipeline.php(137): Illuminate\Cookie\Middleware\AddQueuedCookiesToResponse->handle(Object(Illuminate\Http\Request), Object(Closure))
#22 C:\xampp\htdocs\store.moseplus.com\vendor\laravel\framework\src\Illuminate\Routing\Pipeline.php(33): Illuminate\Pipeline\Pipeline->Illuminate\Pipeline\{closure}(Object(Illuminate\Http\Request))
#23 C:\xampp\htdocs\store.moseplus.com\vendor\laravel\framework\src\Illuminate\Cookie\Middleware\EncryptCookies.php(59): Illuminate\Routing\Pipeline->Illuminate\Routing\{closure}(Object(Illuminate\Http\Request))
#24 C:\xampp\htdocs\store.moseplus.com\vendor\laravel\framework\src\Illuminate\Pipeline\Pipeline.php(137): Illuminate\Cookie\Middleware\EncryptCookies->handle(Object(Illuminate\Http\Request), Object(Closure))
#25 C:\xampp\htdocs\store.moseplus.com\vendor\laravel\framework\src\Illuminate\Routing\Pipeline.php(33): Illuminate\Pipeline\Pipeline->Illuminate\Pipeline\{closure}(Object(Illuminate\Http\Request))
#26 C:\xampp\htdocs\store.moseplus.com\vendor\laravel\framework\src\Illuminate\Pipeline\Pipeline.php(104): Illuminate\Routing\Pipeline->Illuminate\Routing\{closure}(Object(Illuminate\Http\Request))
#27 C:\xampp\htdocs\store.moseplus.com\vendor\laravel\framework\src\Illuminate\Routing\Router.php(644): Illuminate\Pipeline\Pipeline->then(Object(Closure))
#28 C:\xampp\htdocs\store.moseplus.com\vendor\laravel\framework\src\Illuminate\Routing\Router.php(618): Illuminate\Routing\Router->runRouteWithinStack(Object(Illuminate\Routing\Route), Object(Illuminate\Http\Request))
#29 C:\xampp\htdocs\store.moseplus.com\vendor\laravel\framework\src\Illuminate\Routing\Router.php(596): Illuminate\Routing\Router->dispatchToRoute(Object(Illuminate\Http\Request))
#30 C:\xampp\htdocs\store.moseplus.com\vendor\laravel\framework\src\Illuminate\Foundation\Http\Kernel.php(268): Illuminate\Routing\Router->dispatch(Object(Illuminate\Http\Request))
#31 C:\xampp\htdocs\store.moseplus.com\vendor\laravel\framework\src\Illuminate\Routing\Pipeline.php(53): Illuminate\Foundation\Http\Kernel->Illuminate\Foundation\Http\{closure}(Object(Illuminate\Http\Request))
#32 C:\xampp\htdocs\store.moseplus.com\vendor\laravel\framework\src\Illuminate\Foundation\Http\Middleware\CheckForMaintenanceMode.php(46): Illuminate\Routing\Pipeline->Illuminate\Routing\{closure}(Object(Illuminate\Http\Request))
#33 C:\xampp\htdocs\store.moseplus.com\vendor\laravel\framework\src\Illuminate\Pipeline\Pipeline.php(137): Illuminate\Foundation\Http\Middleware\CheckForMaintenanceMode->handle(Object(Illuminate\Http\Request), Object(Closure))
#34 C:\xampp\htdocs\store.moseplus.com\vendor\laravel\framework\src\Illuminate\Routing\Pipeline.php(33): Illuminate\Pipeline\Pipeline->Illuminate\Pipeline\{closure}(Object(Illuminate\Http\Request))
#35 C:\xampp\htdocs\store.moseplus.com\vendor\laravel\framework\src\Illuminate\Pipeline\Pipeline.php(104): Illuminate\Routing\Pipeline->Illuminate\Routing\{closure}(Object(Illuminate\Http\Request))
#36 C:\xampp\htdocs\store.moseplus.com\vendor\laravel\framework\src\Illuminate\Foundation\Http\Kernel.php(150): Illuminate\Pipeline\Pipeline->then(Object(Closure))
#37 C:\xampp\htdocs\store.moseplus.com\vendor\laravel\framework\src\Illuminate\Foundation\Http\Kernel.php(117): Illuminate\Foundation\Http\Kernel->sendRequestThroughRouter(Object(Illuminate\Http\Request))
#38 C:\xampp\htdocs\store.moseplus.com\index.php(54): Illuminate\Foundation\Http\Kernel->handle(Object(Illuminate\Http\Request))
#39 {main}  
[2016-12-03 09:50:23] local.ERROR: exception 'Symfony\Component\Debug\Exception\FatalErrorException' with message 'syntax error, unexpected '='' in C:\xampp\htdocs\store.moseplus.com\system\application\controllers\backend\taxonomy\TaxonomyController.php:268
Stack trace:
#0 {main}  
[2016-12-03 09:51:03] local.ERROR: exception 'ErrorException' with message 'Undefined property: App\Http\Controllers\backend\taxonomy\TaxonomyController::$m_taxonomy_meta' in C:\xampp\htdocs\store.moseplus.com\system\application\controllers\backend\taxonomy\TaxonomyController.php:242
Stack trace:
#0 C:\xampp\htdocs\store.moseplus.com\system\application\controllers\backend\taxonomy\TaxonomyController.php(242): Illuminate\Foundation\Bootstrap\HandleExceptions->handleError(8, 'Undefined prope...', 'C:\\xampp\\htdocs...', 242, Array)
#1 C:\xampp\htdocs\store.moseplus.com\system\application\controllers\backend\store\taxonomy\ProductGroupController.php(65): App\Http\Controllers\backend\taxonomy\TaxonomyController->edit('85', Array)
#2 [internal function]: App\Http\Controllers\backend\store\taxonomy\ProductGroupController->edit('85')
#3 C:\xampp\htdocs\store.moseplus.com\vendor\laravel\framework\src\Illuminate\Routing\Controller.php(55): call_user_func_array(Array, Array)
#4 C:\xampp\htdocs\store.moseplus.com\vendor\laravel\framework\src\Illuminate\Routing\ControllerDispatcher.php(44): Illuminate\Routing\Controller->callAction('edit', Array)
#5 C:\xampp\htdocs\store.moseplus.com\vendor\laravel\framework\src\Illuminate\Routing\Route.php(190): Illuminate\Routing\ControllerDispatcher->dispatch(Object(Illuminate\Routing\Route), Object(App\Http\Controllers\backend\store\taxonomy\ProductGroupController), 'edit')
#6 C:\xampp\htdocs\store.moseplus.com\vendor\laravel\framework\src\Illuminate\Routing\Route.php(144): Illuminate\Routing\Route->runController()
#7 C:\xampp\htdocs\store.moseplus.com\vendor\laravel\framework\src\Illuminate\Routing\Router.php(642): Illuminate\Routing\Route->run(Object(Illuminate\Http\Request))
#8 C:\xampp\htdocs\store.moseplus.com\vendor\laravel\framework\src\Illuminate\Routing\Pipeline.php(53): Illuminate\Routing\Router->Illuminate\Routing\{closure}(Object(Illuminate\Http\Request))
#9 C:\xampp\htdocs\store.moseplus.com\vendor\laravel\framework\src\Illuminate\Routing\Middleware\SubstituteBindings.php(41): Illuminate\Routing\Pipeline->Illuminate\Routing\{closure}(Object(Illuminate\Http\Request))
#10 C:\xampp\htdocs\store.moseplus.com\vendor\laravel\framework\src\Illuminate\Pipeline\Pipeline.php(137): Illuminate\Routing\Middleware\SubstituteBindings->handle(Object(Illuminate\Http\Request), Object(Closure))
#11 C:\xampp\htdocs\store.moseplus.com\vendor\laravel\framework\src\Illuminate\Routing\Pipeline.php(33): Illuminate\Pipeline\Pipeline->Illuminate\Pipeline\{closure}(Object(Illuminate\Http\Request))
#12 C:\xampp\htdocs\store.moseplus.com\vendor\laravel\framework\src\Illuminate\Foundation\Http\Middleware\VerifyCsrfToken.php(65): Illuminate\Routing\Pipeline->Illuminate\Routing\{closure}(Object(Illuminate\Http\Request))
#13 C:\xampp\htdocs\store.moseplus.com\vendor\laravel\framework\src\Illuminate\Pipeline\Pipeline.php(137): Illuminate\Foundation\Http\Middleware\VerifyCsrfToken->handle(Object(Illuminate\Http\Request), Object(Closure))
#14 C:\xampp\htdocs\store.moseplus.com\vendor\laravel\framework\src\Illuminate\Routing\Pipeline.php(33): Illuminate\Pipeline\Pipeline->Illuminate\Pipeline\{closure}(Object(Illuminate\Http\Request))
#15 C:\xampp\htdocs\store.moseplus.com\vendor\laravel\framework\src\Illuminate\View\Middleware\ShareErrorsFromSession.php(49): Illuminate\Routing\Pipeline->Illuminate\Routing\{closure}(Object(Illuminate\Http\Request))
#16 C:\xampp\htdocs\store.moseplus.com\vendor\laravel\framework\src\Illuminate\Pipeline\Pipeline.php(137): Illuminate\View\Middleware\ShareErrorsFromSession->handle(Object(Illuminate\Http\Request), Object(Closure))
#17 C:\xampp\htdocs\store.moseplus.com\vendor\laravel\framework\src\Illuminate\Routing\Pipeline.php(33): Illuminate\Pipeline\Pipeline->Illuminate\Pipeline\{closure}(Object(Illuminate\Http\Request))
#18 C:\xampp\htdocs\store.moseplus.com\vendor\laravel\framework\src\Illuminate\Session\Middleware\StartSession.php(64): Illuminate\Routing\Pipeline->Illuminate\Routing\{closure}(Object(Illuminate\Http\Request))
#19 C:\xampp\htdocs\store.moseplus.com\vendor\laravel\framework\src\Illuminate\Pipeline\Pipeline.php(137): Illuminate\Session\Middleware\StartSession->handle(Object(Illuminate\Http\Request), Object(Closure))
#20 C:\xampp\htdocs\store.moseplus.com\vendor\laravel\framework\src\Illuminate\Routing\Pipeline.php(33): Illuminate\Pipeline\Pipeline->Illuminate\Pipeline\{closure}(Object(Illuminate\Http\Request))
#21 C:\xampp\htdocs\store.moseplus.com\vendor\laravel\framework\src\Illuminate\Cookie\Middleware\AddQueuedCookiesToResponse.php(37): Illuminate\Routing\Pipeline->Illuminate\Routing\{closure}(Object(Illuminate\Http\Request))
#22 C:\xampp\htdocs\store.moseplus.com\vendor\laravel\framework\src\Illuminate\Pipeline\Pipeline.php(137): Illuminate\Cookie\Middleware\AddQueuedCookiesToResponse->handle(Object(Illuminate\Http\Request), Object(Closure))
#23 C:\xampp\htdocs\store.moseplus.com\vendor\laravel\framework\src\Illuminate\Routing\Pipeline.php(33): Illuminate\Pipeline\Pipeline->Illuminate\Pipeline\{closure}(Object(Illuminate\Http\Request))
#24 C:\xampp\htdocs\store.moseplus.com\vendor\laravel\framework\src\Illuminate\Cookie\Middleware\EncryptCookies.php(59): Illuminate\Routing\Pipeline->Illuminate\Routing\{closure}(Object(Illuminate\Http\Request))
#25 C:\xampp\htdocs\store.moseplus.com\vendor\laravel\framework\src\Illuminate\Pipeline\Pipeline.php(137): Illuminate\Cookie\Middleware\EncryptCookies->handle(Object(Illuminate\Http\Request), Object(Closure))
#26 C:\xampp\htdocs\store.moseplus.com\vendor\laravel\framework\src\Illuminate\Routing\Pipeline.php(33): Illuminate\Pipeline\Pipeline->Illuminate\Pipeline\{closure}(Object(Illuminate\Http\Request))
#27 C:\xampp\htdocs\store.moseplus.com\vendor\laravel\framework\src\Illuminate\Pipeline\Pipeline.php(104): Illuminate\Routing\Pipeline->Illuminate\Routing\{closure}(Object(Illuminate\Http\Request))
#28 C:\xampp\htdocs\store.moseplus.com\vendor\laravel\framework\src\Illuminate\Routing\Router.php(644): Illuminate\Pipeline\Pipeline->then(Object(Closure))
#29 C:\xampp\htdocs\store.moseplus.com\vendor\laravel\framework\src\Illuminate\Routing\Router.php(618): Illuminate\Routing\Router->runRouteWithinStack(Object(Illuminate\Routing\Route), Object(Illuminate\Http\Request))
#30 C:\xampp\htdocs\store.moseplus.com\vendor\laravel\framework\src\Illuminate\Routing\Router.php(596): Illuminate\Routing\Router->dispatchToRoute(Object(Illuminate\Http\Request))
#31 C:\xampp\htdocs\store.moseplus.com\vendor\laravel\framework\src\Illuminate\Foundation\Http\Kernel.php(268): Illuminate\Routing\Router->dispatch(Object(Illuminate\Http\Request))
#32 C:\xampp\htdocs\store.moseplus.com\vendor\laravel\framework\src\Illuminate\Routing\Pipeline.php(53): Illuminate\Foundation\Http\Kernel->Illuminate\Foundation\Http\{closure}(Object(Illuminate\Http\Request))
#33 C:\xampp\htdocs\store.moseplus.com\vendor\laravel\framework\src\Illuminate\Foundation\Http\Middleware\CheckForMaintenanceMode.php(46): Illuminate\Routing\Pipeline->Illuminate\Routing\{closure}(Object(Illuminate\Http\Request))
#34 C:\xampp\htdocs\store.moseplus.com\vendor\laravel\framework\src\Illuminate\Pipeline\Pipeline.php(137): Illuminate\Foundation\Http\Middleware\CheckForMaintenanceMode->handle(Object(Illuminate\Http\Request), Object(Closure))
#35 C:\xampp\htdocs\store.moseplus.com\vendor\laravel\framework\src\Illuminate\Routing\Pipeline.php(33): Illuminate\Pipeline\Pipeline->Illuminate\Pipeline\{closure}(Object(Illuminate\Http\Request))
#36 C:\xampp\htdocs\store.moseplus.com\vendor\laravel\framework\src\Illuminate\Pipeline\Pipeline.php(104): Illuminate\Routing\Pipeline->Illuminate\Routing\{closure}(Object(Illuminate\Http\Request))
#37 C:\xampp\htdocs\store.moseplus.com\vendor\laravel\framework\src\Illuminate\Foundation\Http\Kernel.php(150): Illuminate\Pipeline\Pipeline->then(Object(Closure))
#38 C:\xampp\htdocs\store.moseplus.com\vendor\laravel\framework\src\Illuminate\Foundation\Http\Kernel.php(117): Illuminate\Foundation\Http\Kernel->sendRequestThroughRouter(Object(Illuminate\Http\Request))
#39 C:\xampp\htdocs\store.moseplus.com\index.php(54): Illuminate\Foundation\Http\Kernel->handle(Object(Illuminate\Http\Request))
#40 {main}  
